<?xml version="1.0" encoding="UTF-8"?>
<TestRun id="7580913e-f19c-4dd0-9d3d-643296099f64" name="Administrator@UCS-PC 2016-02-03 17:46:51" runUser="ucs-pc\Administrator" xmlns="http://microsoft.com/schemas/VisualStudio/TeamTest/2010">
  <TestSettings name="默认测试设置" id="8b14d0d3-9c91-4e39-bb03-c912354e1377">
    <Deployment runDeploymentRoot="Administrator_UCS-PC 2016-02-03 17_46_51">
      <DeploymentItem filename="E:\测试\AppSettings.NET\bin\Debug\AppSettings.NET.dll" />
    </Deployment>
    <Execution>
      <TestTypeSpecific />
      <AgentRule name="Execution Agents">
      </AgentRule>
    </Execution>
  </TestSettings>
  <Times creation="2016-02-03T17:46:51.1615609+08:00" queuing="2016-02-03T17:46:51.7745959+08:00" start="2016-02-03T17:46:51.8816021+08:00" finish="2016-02-03T18:06:24.1206503+08:00" />
  <ResultSummary outcome="Error">
    <Counters total="1" executed="1" error="0" failed="0" timeout="0" aborted="1" inconclusive="0" passedButRunAborted="0" notRunnable="0" notExecuted="0" disconnected="0" warning="0" passed="0" completed="0" inProgress="0" pending="0" />
    <RunInfos>
      <RunInfo computerName="UCS-PC" outcome="Error" timestamp="2016-02-03T18:06:24.1206503+08:00">
        <Text>测试宿主进程意外退出。</Text>
      </RunInfo>
    </RunInfos>
  </ResultSummary>
  <TestDefinitions>
    <UnitTest name="GetEntity" storage="e:\测试\appsettings.test\bin\debug\appsettings.test.dll" id="4d6d78c9-7d6f-5582-d927-d5d18adca3b0">
      <Execution id="c2599f51-1761-48b4-b8ad-81989d16c276" />
      <TestMethod codeBase="E:/测试/AppSettings.Test/bin/Debug/AppSettings.Test.DLL" adapterTypeName="Microsoft.VisualStudio.TestTools.TestTypes.Unit.UnitTestAdapter, Microsoft.VisualStudio.QualityTools.Tips.UnitTest.Adapter, Version=10.0.0.0, Culture=neutral, PublicKeyToken=b03f5f7f11d50a3a" className="AppSettings.Test.SettingsManagerTest, AppSettings.Test, Version=1.0.0.0, Culture=neutral, PublicKeyToken=null" name="GetEntity" />
    </UnitTest>
  </TestDefinitions>
  <TestLists>
    <TestList name="列表中未列出的结果" id="8c84fa94-04c1-424b-9868-57a2d4851a1d" />
    <TestList name="所有已加载的结果" id="19431567-8539-422a-85d7-44ee4e166bda" />
  </TestLists>
  <TestEntries>
    <TestEntry testId="4d6d78c9-7d6f-5582-d927-d5d18adca3b0" executionId="c2599f51-1761-48b4-b8ad-81989d16c276" testListId="8c84fa94-04c1-424b-9868-57a2d4851a1d" />
  </TestEntries>
  <Results>
    <UnitTestResult executionId="c2599f51-1761-48b4-b8ad-81989d16c276" testId="4d6d78c9-7d6f-5582-d927-d5d18adca3b0" testName="GetEntity" computerName="UCS-PC" duration="00:19:32.1260418" startTime="2016-02-03T17:46:51.9946085+08:00" endTime="2016-02-03T18:06:24.1206503+08:00" testType="13cdc9d9-ddb5-4fa4-a97d-d965ccfc6d4b" outcome="Aborted" testListId="8c84fa94-04c1-424b-9868-57a2d4851a1d" relativeResultsDirectory="c2599f51-1761-48b4-b8ad-81989d16c276">
    </UnitTestResult>
  </Results>
</TestRun>