<?xml version="1.0" encoding="UTF-8"?>
<TestRun id="c7a219c5-01f9-4a4c-a690-0655d5888366" name="Administrator@UCS-PC 2016-02-03 17:42:36" runUser="ucs-pc\Administrator" xmlns="http://microsoft.com/schemas/VisualStudio/TeamTest/2010">
  <TestSettings name="默认测试设置" id="314c8eb2-3620-4309-8c6d-8b753ab91047">
    <Deployment runDeploymentRoot="Administrator_UCS-PC 2016-02-03 17_42_36">
      <DeploymentItem filename="E:\测试\AppSettings.NET\bin\Debug\AppSettings.NET.dll" />
    </Deployment>
    <Execution>
      <TestTypeSpecific />
      <AgentRule name="Execution Agents">
      </AgentRule>
    </Execution>
  </TestSettings>
  <Times creation="2016-02-03T17:42:36.5139959+08:00" queuing="2016-02-03T17:42:37.1760337+08:00" start="2016-02-03T17:42:37.2820398+08:00" finish="2016-02-03T17:42:43.7144077+08:00" />
  <ResultSummary outcome="Completed">
    <Counters total="1" executed="1" passed="1" error="0" failed="0" timeout="0" aborted="0" inconclusive="0" passedButRunAborted="0" notRunnable="0" notExecuted="0" disconnected="0" warning="0" completed="0" inProgress="0" pending="0" />
  </ResultSummary>
  <TestDefinitions>
    <UnitTest name="GetAttributesValue" storage="e:\测试\appsettings.test\bin\debug\appsettings.test.dll" id="dbf69cb1-c868-552c-d873-e79ba39b0101">
      <Execution id="e66d143d-845c-4bd9-b427-6f03a976db81" />
      <TestMethod codeBase="E:/测试/AppSettings.Test/bin/Debug/AppSettings.Test.DLL" adapterTypeName="Microsoft.VisualStudio.TestTools.TestTypes.Unit.UnitTestAdapter, Microsoft.VisualStudio.QualityTools.Tips.UnitTest.Adapter, Version=10.0.0.0, Culture=neutral, PublicKeyToken=b03f5f7f11d50a3a" className="AppSettings.Test.SettingsManagerTest, AppSettings.Test, Version=1.0.0.0, Culture=neutral, PublicKeyToken=null" name="GetAttributesValue" />
    </UnitTest>
  </TestDefinitions>
  <TestLists>
    <TestList name="列表中未列出的结果" id="8c84fa94-04c1-424b-9868-57a2d4851a1d" />
    <TestList name="所有已加载的结果" id="19431567-8539-422a-85d7-44ee4e166bda" />
  </TestLists>
  <TestEntries>
    <TestEntry testId="dbf69cb1-c868-552c-d873-e79ba39b0101" executionId="e66d143d-845c-4bd9-b427-6f03a976db81" testListId="8c84fa94-04c1-424b-9868-57a2d4851a1d" />
  </TestEntries>
  <Results>
    <UnitTestResult executionId="e66d143d-845c-4bd9-b427-6f03a976db81" testId="dbf69cb1-c868-552c-d873-e79ba39b0101" testName="GetAttributesValue" computerName="UCS-PC" duration="00:00:05.0174846" startTime="2016-02-03T17:42:37.3960463+08:00" endTime="2016-02-03T17:42:43.6334031+08:00" testType="13cdc9d9-ddb5-4fa4-a97d-d965ccfc6d4b" outcome="Passed" testListId="8c84fa94-04c1-424b-9868-57a2d4851a1d" relativeResultsDirectory="e66d143d-845c-4bd9-b427-6f03a976db81">
    </UnitTestResult>
  </Results>
</TestRun>