<?xml version="1.0" encoding="UTF-8"?>
<TestRun id="ea15ac46-5f0b-4c3c-8293-80a6a3f767a0" name="Administrator@UCS-PC 2016-02-03 17:33:38" runUser="ucs-pc\Administrator" xmlns="http://microsoft.com/schemas/VisualStudio/TeamTest/2010">
  <TestSettings name="默认测试设置" id="93ac9742-daf7-49ce-bb50-bc527b47cf9e">
    <Deployment runDeploymentRoot="Administrator_UCS-PC 2016-02-03 17_33_38">
      <DeploymentItem filename="E:\测试\AppSettings.NET\bin\Debug\AppSettings.NET.dll" />
    </Deployment>
    <Execution>
      <TestTypeSpecific />
      <AgentRule name="Execution Agents">
      </AgentRule>
    </Execution>
  </TestSettings>
  <Times creation="2016-02-03T17:33:38.7822394+08:00" queuing="2016-02-03T17:33:39.5922857+08:00" start="2016-02-03T17:33:39.6952916+08:00" finish="2016-02-03T17:35:10.7394990+08:00" />
  <ResultSummary outcome="Completed">
    <Counters total="1" executed="1" passed="1" error="0" failed="0" timeout="0" aborted="0" inconclusive="0" passedButRunAborted="0" notRunnable="0" notExecuted="0" disconnected="0" warning="0" completed="0" inProgress="0" pending="0" />
  </ResultSummary>
  <TestDefinitions>
    <UnitTest name="GetValueByKey" storage="e:\测试\appsettings.test\bin\debug\appsettings.test.dll" id="66a86efd-2c01-ba3b-fc30-119b470f581f">
      <Execution id="b7022f23-2568-4984-b6b9-f89220f4f8ac" />
      <TestMethod codeBase="E:/测试/AppSettings.Test/bin/Debug/AppSettings.Test.DLL" adapterTypeName="Microsoft.VisualStudio.TestTools.TestTypes.Unit.UnitTestAdapter, Microsoft.VisualStudio.QualityTools.Tips.UnitTest.Adapter, Version=10.0.0.0, Culture=neutral, PublicKeyToken=b03f5f7f11d50a3a" className="AppSettings.Test.SettingsManagerTest, AppSettings.Test, Version=1.0.0.0, Culture=neutral, PublicKeyToken=null" name="GetValueByKey" />
    </UnitTest>
  </TestDefinitions>
  <TestLists>
    <TestList name="列表中未列出的结果" id="8c84fa94-04c1-424b-9868-57a2d4851a1d" />
    <TestList name="所有已加载的结果" id="19431567-8539-422a-85d7-44ee4e166bda" />
  </TestLists>
  <TestEntries>
    <TestEntry testId="66a86efd-2c01-ba3b-fc30-119b470f581f" executionId="b7022f23-2568-4984-b6b9-f89220f4f8ac" testListId="8c84fa94-04c1-424b-9868-57a2d4851a1d" />
  </TestEntries>
  <Results>
    <UnitTestResult executionId="b7022f23-2568-4984-b6b9-f89220f4f8ac" testId="66a86efd-2c01-ba3b-fc30-119b470f581f" testName="GetValueByKey" computerName="UCS-PC" duration="00:01:29.1678239" startTime="2016-02-03T17:33:39.8122983+08:00" endTime="2016-02-03T17:35:10.6644947+08:00" testType="13cdc9d9-ddb5-4fa4-a97d-d965ccfc6d4b" outcome="Passed" testListId="8c84fa94-04c1-424b-9868-57a2d4851a1d" relativeResultsDirectory="b7022f23-2568-4984-b6b9-f89220f4f8ac">
    </UnitTestResult>
  </Results>
</TestRun>